<?xml version="1.0" encoding="UTF-8"?>
<!-- Generated by org.testng.reporters.JUnitReportReporter -->
<testsuite hostname="walkingtree" failures="0" tests="2" name="org.wtt.test.SeleniumDocker" time="30.689" errors="0" timestamp="24 Sep 2021 06:50:33 GMT" skipped="0">
  <testcase classname="org.wtt.test.SeleniumDocker" name="simpleTest" time="2.781"/>
  <testcase classname="org.wtt.test.SeleniumDocker" name="testCheckBox" time="27.908"/>
</testsuite> <!-- org.wtt.test.SeleniumDocker -->
