<?xml version="1.0" encoding="UTF-8"?>
<!-- Generated by org.testng.reporters.JUnitReportReporter -->
<testsuite hostname="walkingtree" failures="0" tests="1" name="org.wtt.test.SampleConnectGrid" time="3.164" errors="0" timestamp="24 Sep 2021 06:50:33 GMT" skipped="0">
  <testcase classname="org.wtt.test.SampleConnectGrid" name="f" time="3.164"/>
</testsuite> <!-- org.wtt.test.SampleConnectGrid -->
